<!-- =================================================================== -->
        <!-- Build file                                                          -->
        <!-- =================================================================== -->

<project name="Junit" default="test.all">

    <!-- =================================================================== -->
    <!-- Generic Stuff                                                       -->
    <!-- =================================================================== -->
    <import file="base.xml"/>

    <path id="junit.classpath">
        <fileset dir="${junit.dir}">
            <include name="**/*.jar"/>
        </fileset>
    </path>

    <path id="cobertura.classpath">
        <fileset dir="${cobertura.dir}">
            <include name="**/*.jar"/>
        </fileset>
    </path>


    <taskdef name="junit"
                classname="org.apache.tools.ant.taskdefs.optional.junit.JUnitTask"
                 classpathref="junit.classpath"/>


    <target name="junit.setup">
        <delete dir="${output.junit.result.dir}"/>
        <mkdir dir="${output.junit.result.dir}"/>
        <delete dir="${output.junit.html.dir}"/>
        <mkdir dir="${output.junit.html.dir}"/>
    </target>


  
    <!--  ================================================================== -->
    <!--  generate test report                                               -->
    <!--  ================================================================== -->
    <target name="report.junit">
        <junitreport todir="${output.junit.html.dir}">
            <fileset dir="${output.junit.result.dir}">
                <include name="TEST-*.xml"/>
            </fileset>
            <report format="frames" todir="${output.junit.html.dir}"/>
        </junitreport>
    </target>

    <!-- =================================================================== -->
    <!-- Collect the error flags into the junit.error arg                    -->
    <!-- =================================================================== -->
    <target name="test.collect.errors" depends="test.collect.errors.impl">
        <fail if="junit.error" message="Tests had a errors/failures"/>

        <delete file="${output.junit.result.dir}/errors.ut.properties"/>
        <delete file="${output.junit.result.dir}/errors.gui.properties"/>
        <delete file="${output.junit.result.dir}/errors.uat.properties"/>
    </target>

    <!-- =================================================================== -->
    <!-- Collect the error flags into the junit.error arg. internal          -->
    <!-- =================================================================== -->
    <target name="test.collect.errors.impl">
        <property file="${output.junit.result.dir}/errors.ut.properties"/>
        <echo message="Error  : ${key.junit.error.ut}"/>
        <echo message="Failure: ${key.junit.failure.ut}"/>
        <condition property="junit.error" value="true">
            <or>
                <equals arg1="${key.junit.error.ut}" arg2="true"/>
                <equals arg1="${key.junit.failure.ut}" arg2="true"/>
            </or>
        </condition>

        <property file="${output.junit.result.dir}/errors.uat.properties"/>
        <echo message="Error  : ${key.junit.error.uat}"/>
        <echo message="Failure: ${key.junit.failure.uat}"/>
        <condition property="junit.error" value="true">
            <or>
                <equals arg1="${key.junit.error.uat}" arg2="true"/>
                <equals arg1="${key.junit.failure.uat}" arg2="true"/>
            </or>
        </condition>
    </target>

    <!-- =================================================================== -->
    <!-- Tests all the test cases depending on setting                       -->
    <!-- =================================================================== -->
    <target name="test.all" depends="test.full.impl">
    </target>

    <!-- =================================================================== -->
    <!-- tests all the test cases                                            -->
    <!-- =================================================================== -->
    <target name="test.full.impl" depends="test.ut.impl, test.uat.impl"/>

    <!-- =================================================================== -->
    <!-- tests all the test cases                                            -->
    <!-- =================================================================== -->
    <target name="test.full" depends="test.ut, test.uat">
        <fail if="junit.error.ut" message="Unit tests had an error"/>
        <fail if="junit.failure.ut" message="Unit tests had a failure"/>
    </target>

    <!-- =================================================================== -->
    <!-- tests all the unit test cases                                       -->
    <!-- =================================================================== -->
    <target name="test.ut" depends="test.ut.impl">
        <fail if="junit.error.ut" message="Unit tests had an error"/>
        <fail if="junit.failure.ut" message="Unit tests had a failure"/>
    </target>




    <!-- =================================================================== -->
    <!-- tests all the unit test cases. internal                             -->
    <!-- =================================================================== -->
    <target name="test.ut.impl">
        <junit
                fork="yes"
                forkmode="once"
                haltonfailure="no"
                haltonerror="no"
                errorproperty="junit.error.ut"
                failureproperty="junit.failure.ut"
                printsummary="yes">

            <!--<jvmarg value="-XX:PermSize=256m" />-->
            <!--<jvmarg value="-XX:MaxPermSize=256m" />-->

            <!-- Specify the name of the coverage data file to use. -->
            <sysproperty key="net.sourceforge.cobertura.datafile" file="${output.cobertura.result.dir}/coverage.ser"/>
            <jvmarg value="-Xms${java.test.ms}"/>
            <jvmarg value="-Xmx${java.test.mx}"/>
            <classpath refid="junit.classpath"/>
            <classpath>
                <pathelement path="${output.cobertura.instrumented.dir}"/>
                <pathelement path="${output.java.build.class.dir}"/>
                <pathelement path="${output.java.build.test.dir}"/>
            </classpath>
            <classpath refid="cobertura.classpath"/>
            <classpath refid="project.lib.classpath"/>


            <batchtest todir="${output.junit.result.dir}"
                       haltonfailure="no"
                       haltonerror="no">
                <formatter type="xml" usefile="true"/>
                <fileset dir="${output.java.build.test.dir}">
                    <include name="${java.testclass.pattern}"/>
                    <exclude name="${java.uat.pattern}"/>
                </fileset>
            </batchtest>
        </junit>

        <propertyfile file="${output.junit.result.dir}/errors.ut.properties"
                      comment="Errors/Failures check file">
            <entry key="key.junit.error.ut" value="${junit.error.ut}"/>
            <entry key="key.junit.failure.ut" value="${junit.failure.ut}"/>
        </propertyfile>
    </target>

    <!-- =================================================================== -->
    <!-- tests all the unit test cases                                       -->
    <!-- =================================================================== -->
    <target name="test.uat" depends="test.uat.impl">
        <fail if="junit.error.uat" message="Unit tests had an error"/>
        <fail if="junit.failure.uat" message="Unit tests had a failure"/>
    </target>

    <!-- =================================================================== -->
    <!-- tests all the uat test cases                                        -->
    <!-- =================================================================== -->
    <target name="test.uat.impl">

        <junit
                fork="yes"
                forkmode="once"
                haltonfailure="no"
                haltonerror="no"
                errorproperty="junit.error.uat"
                failureproperty="junit.failure.uat"
                printsummary="yes">

            <!-- Specify the name of the coverage data file to use. -->
            <sysproperty key="net.sourceforge.cobertura.datafile" file="${output.cobertura.result.dir}/coverage.ser"/>

            <jvmarg value="-Xms${java.test.ms}"/>
            <jvmarg value="-Xmx${java.test.mx}"/>
            <classpath refid="junit.classpath"/>                  
            <classpath>
                <pathelement path="${output.cobertura.instrumented.dir}"/>
                <pathelement path="${output.java.build.class.dir}"/>
                <pathelement path="${output.java.build.test.dir}"/>
            </classpath>
            <classpath refid="cobertura.classpath"/>
            <classpath refid="project.lib.classpath"/>

            <formatter type="xml"/>
            <batchtest todir="${output.junit.result.dir}">
                <fileset dir="${output.java.build.test.dir}">
                    <include name="${java.uat.pattern}"/>
                    <exclude name="${java.testclass.pattern}"/>
                </fileset>
            </batchtest>
        </junit>

        <propertyfile file="${output.junit.result.dir}/errors.uat.properties"
                      comment="Errors/Failures check file">
            <entry key="key.junit.error.uat" value="${junit.error.uat}"/>
            <entry key="key.junit.failure.uat" value="${junit.failure.uat}"/>
        </propertyfile>
    </target>

    <!-- =================================================================== -->
    <!-- Running JUnit in ui mode                                            -->
    <!-- =================================================================== -->
    <target name="junit" description="Launches JUnit in UI Mode">
        <java classname="junit.swingui.TestRunner" fork="true">
            <jvmarg value="-Xms${java.test.ms}"/>
            <jvmarg value="-Xmx${java.test.mx}"/>
            <classpath refid="junit.classpath"/>
            <classpath>
                <pathelement path="${output.java.build.class.dir}"/>
                <pathelement path="${output.java.build.test.dir}"/>

            </classpath>
            <classpath refid="project.lib.classpath"/>
        </java>
    </target>

    <!-- =================================================================== -->
    <!-- Running JUnit in text mode                                          -->
    <!-- =================================================================== -->
    <target name="junittxt" description="Launches JUnit in Text Mode -- ant junit -Dclass=class">
        <java classname="junit.textui.TestRunner" fork="true">
            <arg value="${class}"/>
            <jvmarg value="-Xms${java.test.ms}"/>
            <jvmarg value="-Xmx${java.test.mx}"/>
            <classpath refid="junit.classpath"/>
            <classpath>
                <pathelement path="${output.java.build.class.dir}"/>
                <pathelement path="${output.java.build.test.dir}"/>
            </classpath>
            <classpath refid="project.lib.classpath"/>
        </java>
    </target>

</project>